2024-11-11 16:50:29 - ui.controller - INFO - Starting the processing...
2024-11-11 16:50:29 - utils.measurements - INFO - Loaded MS file STMIX5_02.
2024-11-11 16:50:29 - utils.measurements - INFO - Loaded MS file STMIX5mM-neg.
2024-11-11 16:50:29 - utils.measurements - INFO - Loaded LC file STMIX5_02.
2024-11-11 16:50:29 - utils.measurements - INFO - Loaded LC file STMIX5mM-pos.
2024-11-11 16:51:51 - utils.preprocessing - INFO - Baseline corrected chromatogram calculated.
2024-11-12 10:15:57 - ui.controller - INFO - Starting the processing...
2024-11-12 10:15:57 - utils.measurements - INFO - Loaded MS file STMIX5_02.
2024-11-12 10:15:57 - utils.measurements - INFO - Loaded MS file STMIX5mM-neg.
2024-11-12 10:15:57 - utils.measurements - INFO - Loaded LC file STMIX5_02.
2024-11-12 10:15:57 - utils.measurements - INFO - Loaded LC file STMIX5mM-pos.
2024-11-12 10:16:19 - utils.preprocessing - INFO - Baseline corrected chromatogram calculated.
2024-11-12 10:25:20 - ui.controller - INFO - Starting the processing...
2024-11-12 10:25:20 - utils.measurements - INFO - Loaded MS file STMIX5_02.
2024-11-12 10:25:20 - utils.measurements - INFO - Loaded MS file STMIX5mM-neg.
2024-11-12 10:25:20 - utils.measurements - INFO - Loaded LC file STMIX5_02.
2024-11-12 10:25:20 - utils.measurements - INFO - Loaded LC file STMIX5mM-pos.
2024-11-12 10:25:35 - matplotlib.pyplot - DEBUG - Loaded backend qtagg version 6.7.1.
2024-11-12 11:53:23 - ui.controller - INFO - Starting the processing...
2024-11-12 11:53:23 - utils.measurements - INFO - Loaded MS file STMIX5_02.
2024-11-12 11:53:23 - utils.measurements - INFO - Loaded MS file STMIX5mM-neg.
2024-11-12 11:53:23 - utils.measurements - INFO - Loaded LC file STMIX5_02.
2024-11-12 11:53:23 - utils.measurements - INFO - Loaded LC file STMIX5mM-pos.
2024-11-12 11:55:37 - ui.controller - INFO - Starting the processing...
2024-11-12 11:55:37 - utils.measurements - INFO - Loaded MS file STMIX5_02.
2024-11-12 11:55:37 - utils.measurements - INFO - Loaded MS file STMIX5mM-neg.
2024-11-12 11:55:37 - utils.measurements - INFO - Loaded LC file STMIX5_02.
2024-11-12 11:55:37 - utils.measurements - INFO - Loaded LC file STMIX5mM-pos.
2024-11-12 11:56:17 - ui.controller - INFO - Starting the processing...
2024-11-12 11:56:17 - utils.measurements - INFO - Loaded MS file STMIX5_02.
2024-11-12 11:56:17 - utils.measurements - INFO - Loaded MS file STMIX5mM-neg.
2024-11-12 11:56:17 - utils.measurements - INFO - Loaded LC file STMIX5_02.
2024-11-12 11:56:17 - utils.measurements - INFO - Loaded LC file STMIX5mM-pos.
2024-11-12 11:57:14 - ui.controller - INFO - Starting the processing...
2024-11-12 11:57:14 - utils.measurements - INFO - Loaded MS file STMIX5_02.
2024-11-12 11:57:14 - utils.measurements - INFO - Loaded MS file STMIX5mM-neg.
2024-11-12 11:57:14 - utils.measurements - INFO - Loaded LC file STMIX5_02.
2024-11-12 11:57:14 - utils.measurements - INFO - Loaded LC file STMIX5mM-pos.
2024-11-12 12:09:15 - ui.controller - INFO - Starting the processing...
2024-11-12 12:09:15 - utils.measurements - INFO - Loaded MS file STMIX5_02.
2024-11-12 12:09:15 - utils.measurements - INFO - Loaded MS file STMIX5mM-neg.
2024-11-12 12:09:15 - utils.measurements - INFO - Loaded LC file STMIX5_02.
2024-11-12 12:09:15 - utils.measurements - INFO - Loaded LC file STMIX5mM-pos.
2024-11-12 12:11:12 - ui.controller - INFO - Starting the processing...
2024-11-12 12:11:12 - utils.measurements - INFO - Loaded MS file STMIX5_02.
2024-11-12 12:11:12 - utils.measurements - INFO - Loaded MS file STMIX5mM-neg.
2024-11-12 12:11:12 - utils.measurements - INFO - Loaded LC file STMIX5mM-pos.
2024-11-12 12:11:12 - utils.measurements - INFO - Loaded LC file STMIX5_02.
2024-11-12 12:12:22 - ui.controller - INFO - Starting the processing...
2024-11-12 12:12:22 - utils.measurements - INFO - Loaded MS file STMIX5_02.
2024-11-12 12:12:22 - utils.measurements - INFO - Loaded MS file STMIX5mM-neg.
2024-11-12 12:12:22 - utils.measurements - INFO - Loaded LC file STMIX5_02.
2024-11-12 12:12:22 - utils.measurements - INFO - Loaded LC file STMIX5mM-pos.
2024-11-12 12:15:47 - ui.controller - INFO - Starting the processing...
2024-11-12 12:15:47 - utils.measurements - INFO - Loaded MS file STMIX5_02.
2024-11-12 12:15:47 - utils.measurements - INFO - Loaded MS file STMIX5mM-neg.
2024-11-12 12:15:47 - utils.measurements - INFO - Loaded LC file STMIX5_02.
2024-11-12 12:15:47 - utils.measurements - INFO - Loaded LC file STMIX5mM-pos.
2024-11-12 12:18:45 - ui.controller - INFO - Starting the processing...
2024-11-12 12:18:45 - utils.measurements - INFO - Loaded MS file STMIX5_02.
2024-11-12 12:18:45 - utils.measurements - INFO - Loaded MS file STMIX5mM-neg.
2024-11-12 12:18:45 - utils.measurements - INFO - Loaded LC file STMIX5_02.
2024-11-12 12:18:45 - utils.measurements - INFO - Loaded LC file STMIX5mM-pos.
2024-11-12 12:20:39 - ui.controller - INFO - Starting the processing...
2024-11-12 12:20:39 - utils.measurements - INFO - Loaded MS file STMIX5_02.
2024-11-12 12:20:39 - utils.measurements - INFO - Loaded MS file STMIX5mM-neg.
2024-11-12 12:20:39 - utils.measurements - INFO - Loaded LC file STMIX5_02.
2024-11-12 12:20:39 - utils.measurements - INFO - Loaded LC file STMIX5mM-pos.
2024-11-12 12:40:00 - ui.controller - INFO - Starting the processing...
2024-11-12 12:40:00 - utils.measurements - INFO - Loaded MS file STMIX5_02.
2024-11-12 12:40:00 - utils.measurements - INFO - Loaded MS file STMIX5mM-neg.
2024-11-12 12:40:00 - utils.measurements - INFO - Loaded LC file STMIX5_02.
2024-11-12 12:40:00 - utils.measurements - INFO - Loaded LC file STMIX5mM-pos.
2024-11-12 12:43:28 - ui.controller - INFO - Starting the processing...
2024-11-12 12:43:28 - utils.measurements - INFO - Loaded MS file STMIX5_02.
2024-11-12 12:43:28 - utils.measurements - INFO - Loaded MS file STMIX5mM-neg.
2024-11-12 12:43:28 - utils.measurements - INFO - Loaded LC file STMIX5_02.
2024-11-12 12:43:28 - utils.measurements - INFO - Loaded LC file STMIX5mM-pos.
2024-11-12 12:45:11 - ui.controller - INFO - Starting the processing...
2024-11-12 12:45:11 - utils.measurements - INFO - Loaded MS file STMIX5_02.
2024-11-12 12:45:11 - utils.measurements - INFO - Loaded MS file STMIX5mM-neg.
2024-11-12 12:45:11 - utils.measurements - INFO - Loaded LC file STMIX5_02.
2024-11-12 12:45:11 - utils.measurements - INFO - Loaded LC file STMIX5mM-pos.
2024-11-12 14:45:13 - ui.controller - INFO - Starting the processing...
2024-11-12 14:45:13 - utils.measurements - INFO - Loaded MS file STMIX5_02.
2024-11-12 14:45:13 - utils.measurements - INFO - Loaded MS file STMIX5mM-neg.
2024-11-12 14:45:13 - utils.measurements - INFO - Loaded LC file STMIX5_02.
2024-11-12 14:45:13 - utils.measurements - INFO - Loaded LC file STMIX5mM-pos.
2024-11-12 14:45:49 - ui.controller - INFO - Starting the processing...
2024-11-12 14:45:49 - utils.measurements - INFO - Loaded MS file STMIX5_02.
2024-11-12 14:45:49 - utils.measurements - INFO - Loaded MS file STMIX5mM-neg.
2024-11-12 14:45:49 - utils.measurements - INFO - Loaded LC file STMIX5_02.
2024-11-12 14:45:49 - utils.measurements - INFO - Loaded LC file STMIX5mM-pos.
2024-11-12 14:46:44 - ui.controller - INFO - Starting the processing...
2024-11-12 14:46:44 - utils.measurements - INFO - Loaded MS file STMIX5_02.
2024-11-12 14:46:44 - utils.measurements - INFO - Loaded MS file STMIX5mM-neg.
2024-11-12 14:46:44 - utils.measurements - INFO - Loaded LC file STMIX5_02.
2024-11-12 14:46:44 - utils.measurements - INFO - Loaded LC file STMIX5mM-pos.
2024-11-12 14:52:21 - ui.controller - INFO - Starting the processing...
2024-11-12 14:52:21 - utils.measurements - INFO - Loaded MS file STMIX5_02.
2024-11-12 14:52:21 - utils.measurements - INFO - Loaded MS file STMIX5mM-neg.
2024-11-12 14:52:21 - utils.measurements - INFO - Loaded LC file STMIX5_02.
2024-11-12 14:52:21 - utils.measurements - INFO - Loaded LC file STMIX5mM-pos.
2024-11-12 14:53:33 - ui.controller - INFO - Starting the processing...
2024-11-12 14:53:33 - utils.measurements - INFO - Loaded MS file STMIX5_02.
2024-11-12 14:53:33 - utils.measurements - INFO - Loaded MS file STMIX5mM-neg.
2024-11-12 14:53:33 - utils.measurements - INFO - Loaded LC file STMIX5_02.
2024-11-12 14:53:33 - utils.measurements - INFO - Loaded LC file STMIX5mM-pos.
2024-11-12 14:57:47 - ui.controller - INFO - Starting the processing...
2024-11-12 14:57:47 - utils.measurements - INFO - Loaded MS file STMIX5_02.
2024-11-12 14:57:47 - utils.measurements - INFO - Loaded MS file STMIX5mM-neg.
2024-11-12 14:57:47 - utils.measurements - INFO - Loaded LC file STMIX5_02.
2024-11-12 14:57:47 - utils.measurements - INFO - Loaded LC file STMIX5mM-pos.
2024-11-12 15:06:15 - ui.controller - INFO - Starting the processing...
2024-11-12 15:06:15 - utils.measurements - INFO - Loaded MS file STMIX5_02.
2024-11-12 15:06:15 - utils.measurements - INFO - Loaded MS file STMIX5mM-neg.
2024-11-12 15:06:15 - utils.measurements - INFO - Loaded LC file STMIX5_02.
2024-11-12 15:06:15 - utils.measurements - INFO - Loaded LC file STMIX5mM-pos.
2024-11-12 15:08:03 - ui.controller - INFO - Starting the processing...
2024-11-12 15:08:03 - utils.measurements - INFO - Loaded MS file STMIX5_02.
2024-11-12 15:08:03 - utils.measurements - INFO - Loaded MS file STMIX5mM-neg.
2024-11-12 15:08:03 - utils.measurements - INFO - Loaded LC file STMIX5_02.
2024-11-12 15:08:03 - utils.measurements - INFO - Loaded LC file STMIX5mM-pos.
2024-11-12 15:12:06 - ui.controller - INFO - Starting the processing...
2024-11-12 15:12:06 - utils.measurements - INFO - Loaded MS file STMIX5_02.
2024-11-12 15:12:06 - utils.measurements - INFO - Loaded MS file STMIX5mM-neg.
2024-11-12 15:12:06 - utils.measurements - INFO - Loaded LC file STMIX5_02.
2024-11-12 15:12:06 - utils.measurements - INFO - Loaded LC file STMIX5mM-pos.
2024-11-12 15:17:20 - ui.controller - INFO - Starting the processing...
2024-11-12 15:17:20 - utils.measurements - INFO - Loaded MS file STMIX5_02.
2024-11-12 15:17:20 - utils.measurements - INFO - Loaded MS file STMIX5mM-neg.
2024-11-12 15:17:20 - utils.measurements - INFO - Loaded LC file STMIX5_02.
2024-11-12 15:17:20 - utils.measurements - INFO - Loaded LC file STMIX5mM-pos.
2024-11-12 15:19:23 - ui.controller - INFO - Starting the processing...
2024-11-12 15:19:23 - utils.measurements - INFO - Loaded MS file STMIX5_02.
2024-11-12 15:19:23 - utils.measurements - INFO - Loaded MS file STMIX5mM-neg.
2024-11-12 15:19:23 - utils.measurements - INFO - Loaded LC file STMIX5_02.
2024-11-12 15:19:23 - utils.measurements - INFO - Loaded LC file STMIX5mM-pos.
2024-11-12 15:23:44 - ui.controller - INFO - Starting the processing...
2024-11-12 15:23:44 - utils.measurements - INFO - Loaded MS file STMIX5_02.
2024-11-12 15:23:44 - utils.measurements - INFO - Loaded MS file STMIX5mM-neg.
2024-11-12 15:23:44 - utils.measurements - INFO - Loaded LC file STMIX5_02.
2024-11-12 15:23:44 - utils.measurements - INFO - Loaded LC file STMIX5mM-pos.
2024-11-12 15:26:43 - ui.controller - INFO - Starting the processing...
2024-11-12 15:26:43 - utils.measurements - INFO - Loaded MS file STMIX5_02.
2024-11-12 15:26:43 - utils.measurements - INFO - Loaded MS file STMIX5mM-neg.
2024-11-12 15:26:43 - utils.measurements - INFO - Loaded LC file STMIX5_02.
2024-11-12 15:26:43 - utils.measurements - INFO - Loaded LC file STMIX5mM-pos.
